  GameplayStage.cpp
c:\users\lele\documents\visual studio 2015\projects\serwer (astrum)\client\GameplayStage.h(29): warning C4305: 'initializing': truncation from 'double' to 'const float'
GameplayStage.cpp(5): warning C4305: 'initializing': truncation from 'double' to 'const float'
GameplayStage.cpp(12): warning C4244: 'initializing': conversion from 'double' to 'int', possible loss of data
GameplayStage.cpp(55): warning C4244: 'argument': conversion from 'int' to 'float', possible loss of data
GameplayStage.cpp(75): warning C4244: '=': conversion from 'int' to 'float', possible loss of data
GameplayStage.cpp(285): warning C4800: 'int': forcing value to bool 'true' or 'false' (performance warning)
C:\Users\lele\Documents\Visual Studio 2015\Projects\ENTITY\entityx-1.1.2\entityx/Entity.h(478): warning C4267: 'argument': conversion from 'size_t' to 'entityx::uint32_t', possible loss of data
  C:\Users\lele\Documents\Visual Studio 2015\Projects\ENTITY\entityx-1.1.2\entityx/Entity.h(478): note: while compiling class template member function 'entityx::EntityManager::UnpackingView<Derived>::Iterator entityx::EntityManager::UnpackingView<Derived>::end(void)'
          with
          [
              Derived=PartInfo
          ]
  GameplayStage.cpp(279): note: see reference to function template instantiation 'entityx::EntityManager::UnpackingView<Derived>::Iterator entityx::EntityManager::UnpackingView<Derived>::end(void)' being compiled
          with
          [
              Derived=PartInfo
          ]
  GameplayStage.cpp(279): note: see reference to class template instantiation 'entityx::EntityManager::UnpackingView<Derived>' being compiled
          with
          [
              Derived=PartInfo
          ]
C:\Users\lele\Documents\Visual Studio 2015\Projects\ENTITY\entityx-1.1.2\entityx/Entity.h(582): warning C4291: 'void *operator new(std::size_t,void *) throw()': no matching operator delete found; memory will not be freed if initialization throws an exception
  C:\Program Files (x86)\Microsoft Visual Studio 14.0\VC\include\vcruntime_new.h(86): note: see declaration of 'operator new'
  C:\Users\lele\Documents\Visual Studio 2015\Projects\ENTITY\entityx-1.1.2\entityx/Entity.h(866): note: see reference to function template instantiation 'entityx::ComponentHandle<Derived,entityx::EntityManager> entityx::EntityManager::assign<C,unsigned int&>(entityx::Entity::Id,unsigned int &)' being compiled
          with
          [
              Derived=isPlayer,
              C=isPlayer
          ]
  GameplayStage.cpp(54): note: see reference to function template instantiation 'entityx::ComponentHandle<Derived,entityx::EntityManager> entityx::Entity::assign<isPlayer,unsigned int&>(unsigned int &)' being compiled
          with
          [
              Derived=isPlayer
          ]
C:\Users\lele\Documents\Visual Studio 2015\Projects\ENTITY\entityx-1.1.2\entityx/Entity.h(582): warning C4244: 'argument': conversion from 'int' to 'float', possible loss of data
  C:\Users\lele\Documents\Visual Studio 2015\Projects\ENTITY\entityx-1.1.2\entityx/Entity.h(866): note: see reference to function template instantiation 'entityx::ComponentHandle<Derived,entityx::EntityManager> entityx::EntityManager::assign<C,_Ty,int>(entityx::Entity::Id,_Ty &&,int &&)' being compiled
          with
          [
              Derived=Transform,
              C=Transform,
              _Ty=sf::Vector2<float>
          ]
  GameplayStage.cpp(144): note: see reference to function template instantiation 'entityx::ComponentHandle<Derived,entityx::EntityManager> entityx::Entity::assign<Transform,sf::Vector2<float>,int>(sf::Vector2<float> &&,int &&)' being compiled
          with
          [
              Derived=Transform
          ]
  Generating code
c:\users\lele\documents\visual studio 2015\projects\serwer (astrum)\client\gameplaystage.cpp(153): warning C4715: 'GamePlayStage::init': not all control paths return a value
  45 of 5781 functions ( 0.8%) were compiled, the rest were copied from previous compilation.
    0 functions were new in current compilation
    22 functions had inline decision re-evaluated but remain unchanged
  Finished generating code
  client.vcxproj -> C:\Users\lele\Documents\Visual Studio 2015\Projects\SERWER (ASTRUM)\x64\Release\SERWER.exe
  client.vcxproj -> C:\Users\lele\Documents\Visual Studio 2015\Projects\SERWER (ASTRUM)\x64\Release\SERWER.pdb (Full PDB)
